2022-07-09 15:20:45 INFO  Ok:52 - –ü—Ä–∏–ª–æ–∂–µ–Ω–∏–µ –∑–∞–ø—É—â–µ–Ω–æ! –ü–æ–ª—å–∑–æ–≤–∞—Ç–µ–ª—å: a
2022-07-09 16:07:28 INFO  Ok:52 - –ü—Ä–∏–ª–æ–∂–µ–Ω–∏–µ –∑–∞–ø—É—â–µ–Ω–æ! –ü–æ–ª—å–∑–æ–≤–∞—Ç–µ–ª—å: a
2022-07-09 16:09:12 INFO  Ok:52 - –ü—Ä–∏–ª–æ–∂–µ–Ω–∏–µ –∑–∞–ø—É—â–µ–Ω–æ! –ü–æ–ª—å–∑–æ–≤–∞—Ç–µ–ª—å: a
2022-07-09 17:44:13 ERROR Create:34 - –î–ª—è –∑–∞–≥—Ä—É–∑–∫–∏ –∞–Ω–∫–µ—Ç—ã –≤–≤–µ–¥–µ–Ω—ã –Ω–µ –≤—Å–µ –¥–∞–Ω–Ω—ã–µ
2022-07-09 17:52:53 ERROR Create:35 - –î–ª—è –∑–∞–≥—Ä—É–∑–∫–∏ –∞–Ω–∫–µ—Ç—ã –≤–≤–µ–¥–µ–Ω—ã –Ω–µ –≤—Å–µ –¥–∞–Ω–Ω—ã–µ!
2022-07-09 17:53:36 ERROR Create:35 - –î–ª—è –∑–∞–≥—Ä—É–∑–∫–∏ –∞–Ω–∫–µ—Ç—ã –≤–≤–µ–¥–µ–Ω—ã –Ω–µ –≤—Å–µ –¥–∞–Ω–Ω—ã–µ!
2022-07-09 17:55:41 ERROR Create:35 - –î–ª—è –∑–∞–≥—Ä—É–∑–∫–∏ –∞–Ω–∫–µ—Ç—ã –≤–≤–µ–¥–µ–Ω—ã –Ω–µ –≤—Å–µ –¥–∞–Ω–Ω—ã–µ!
2022-07-09 18:21:58 ERROR Create:35 - –î–ª—è –∑–∞–≥—Ä—É–∑–∫–∏ –∞–Ω–∫–µ—Ç—ã –≤–≤–µ–¥–µ–Ω—ã –Ω–µ –≤—Å–µ –¥–∞–Ω–Ω—ã–µ!
2022-07-09 18:29:47 ERROR Create:40 - –î–ª—è –∑–∞–≥—Ä—É–∑–∫–∏ –∞–Ω–∫–µ—Ç—ã –≤–≤–µ–¥–µ–Ω—ã –Ω–µ –≤—Å–µ –¥–∞–Ω–Ω—ã–µ!
2022-07-09 18:30:12 ERROR Create:40 - –î–ª—è –∑–∞–≥—Ä—É–∑–∫–∏ –∞–Ω–∫–µ—Ç—ã –≤–≤–µ–¥–µ–Ω—ã –Ω–µ –≤—Å–µ –¥–∞–Ω–Ω—ã–µ!
2022-07-09 18:30:32 ERROR Create:40 - –î–ª—è –∑–∞–≥—Ä—É–∑–∫–∏ –∞–Ω–∫–µ—Ç—ã –≤–≤–µ–¥–µ–Ω—ã –Ω–µ –≤—Å–µ –¥–∞–Ω–Ω—ã–µ!
2022-07-10 21:36:50 ERROR Create:38 - –î–ª—è –∑–∞–≥—Ä—É–∑–∫–∏ –∞–Ω–∫–µ—Ç—ã –≤–≤–µ–¥–µ–Ω—ã –Ω–µ –≤—Å–µ –¥–∞–Ω–Ω—ã–µ!
2022-07-11 19:24:20 ERROR Create:38 - –î–ª—è –∑–∞–≥—Ä—É–∑–∫–∏ –∞–Ω–∫–µ—Ç—ã –≤–≤–µ–¥–µ–Ω—ã –Ω–µ –≤—Å–µ –¥–∞–Ω–Ω—ã–µ!
2022-07-11 19:51:56 ERROR Create:38 - –î–ª—è –∑–∞–≥—Ä—É–∑–∫–∏ –∞–Ω–∫–µ—Ç—ã –≤–≤–µ–¥–µ–Ω—ã –Ω–µ –≤—Å–µ –¥–∞–Ω–Ω—ã–µ!
2022-07-15 22:12:16 INFO  Ok:52 - –ü—Ä–∏–ª–æ–∂–µ–Ω–∏–µ –∑–∞–ø—É—â–µ–Ω–æ! –ü–æ–ª—å–∑–æ–≤–∞—Ç–µ–ª—å: a
2022-07-17 14:05:57 ERROR Create:38 - –î–ª—è –∑–∞–≥—Ä—É–∑–∫–∏ –∞–Ω–∫–µ—Ç—ã –≤–≤–µ–¥–µ–Ω—ã –Ω–µ –≤—Å–µ –¥–∞–Ω–Ω—ã–µ!
2022-07-17 14:44:52 INFO  Ok:56 - –î–∞–Ω–Ω—ã–µ –≤–≤–µ–¥–µ–Ω—ã –Ω–µ –≤–µ—Ä–Ω–æ, –ø–æ–ø—Ä–æ–±—É–π—Ç–µ –µ—â–µ —Ä–∞–∑! –ü–∞—Ä–æ–ª—å: 1 –õ–æ–≥–∏–Ω: —Ñ
2022-07-17 14:44:52 INFO  Ok:62 - –î–∞–Ω–Ω—ã–µ –≤–≤–µ–¥–µ–Ω—ã –Ω–µ –≤–µ—Ä–Ω–æ, –ø–æ–ø—Ä–æ–±—É–π—Ç–µ –µ—â–µ —Ä–∞–∑!
2022-07-17 14:45:41 INFO  Ok:52 - –ü—Ä–∏–ª–æ–∂–µ–Ω–∏–µ –∑–∞–ø—É—â–µ–Ω–æ! –ü–æ–ª—å–∑–æ–≤–∞—Ç–µ–ª—å: a
2022-07-17 14:52:16 INFO  Ok:52 - –ü—Ä–∏–ª–æ–∂–µ–Ω–∏–µ –∑–∞–ø—É—â–µ–Ω–æ! –ü–æ–ª—å–∑–æ–≤–∞—Ç–µ–ª—å: a
2022-07-17 14:52:26 ERROR Load:63 - 
java.io.FileNotFoundException: 
	at java.base/java.io.FileInputStream.open0(Native Method)
	at java.base/java.io.FileInputStream.open(FileInputStream.java:219)
	at java.base/java.io.FileInputStream.<init>(FileInputStream.java:157)
	at java.base/java.io.FileInputStream.<init>(FileInputStream.java:112)
	at Application.Commands.Menu.UploadQuestionnaire.Load.lambda$ButtonLoad$0(Load.java:39)
	at java.desktop/javax.swing.AbstractButton.fireActionPerformed(AbstractButton.java:1967)
	at java.desktop/javax.swing.AbstractButton$Handler.actionPerformed(AbstractButton.java:2308)
	at java.desktop/javax.swing.DefaultButtonModel.fireActionPerformed(DefaultButtonModel.java:405)
	at java.desktop/javax.swing.DefaultButtonModel.setPressed(DefaultButtonModel.java:262)
	at java.desktop/javax.swing.plaf.basic.BasicButtonListener.mouseReleased(BasicButtonListener.java:279)
	at java.desktop/java.awt.Component.processMouseEvent(Component.java:6632)
	at java.desktop/javax.swing.JComponent.processMouseEvent(JComponent.java:3342)
	at java.desktop/java.awt.Component.processEvent(Component.java:6397)
	at java.desktop/java.awt.Container.processEvent(Container.java:2263)
	at java.desktop/java.awt.Component.dispatchEventImpl(Component.java:5008)
	at java.desktop/java.awt.Container.dispatchEventImpl(Container.java:2321)
	at java.desktop/java.awt.Component.dispatchEvent(Component.java:4840)
	at java.desktop/java.awt.LightweightDispatcher.retargetMouseEvent(Container.java:4918)
	at java.desktop/java.awt.LightweightDispatcher.processMouseEvent(Container.java:4547)
	at java.desktop/java.awt.LightweightDispatcher.dispatchEvent(Container.java:4488)
	at java.desktop/java.awt.Container.dispatchEventImpl(Container.java:2307)
	at java.desktop/java.awt.Window.dispatchEventImpl(Window.java:2772)
	at java.desktop/java.awt.Component.dispatchEvent(Component.java:4840)
	at java.desktop/java.awt.EventQueue.dispatchEventImpl(EventQueue.java:772)
	at java.desktop/java.awt.EventQueue$4.run(EventQueue.java:721)
	at java.desktop/java.awt.EventQueue$4.run(EventQueue.java:715)
	at java.base/java.security.AccessController.doPrivileged(Native Method)
	at java.base/java.security.ProtectionDomain$JavaSecurityAccessImpl.doIntersectionPrivilege(ProtectionDomain.java:85)
	at java.base/java.security.ProtectionDomain$JavaSecurityAccessImpl.doIntersectionPrivilege(ProtectionDomain.java:95)
	at java.desktop/java.awt.EventQueue$5.run(EventQueue.java:745)
	at java.desktop/java.awt.EventQueue$5.run(EventQueue.java:743)
	at java.base/java.security.AccessController.doPrivileged(Native Method)
	at java.base/java.security.ProtectionDomain$JavaSecurityAccessImpl.doIntersectionPrivilege(ProtectionDomain.java:85)
	at java.desktop/java.awt.EventQueue.dispatchEvent(EventQueue.java:742)
	at java.desktop/java.awt.EventDispatchThread.pumpOneEventForFilters(EventDispatchThread.java:203)
	at java.desktop/java.awt.EventDispatchThread.pumpEventsForFilter(EventDispatchThread.java:124)
	at java.desktop/java.awt.EventDispatchThread.pumpEventsForHierarchy(EventDispatchThread.java:113)
	at java.desktop/java.awt.EventDispatchThread.pumpEvents(EventDispatchThread.java:109)
	at java.desktop/java.awt.EventDispatchThread.pumpEvents(EventDispatchThread.java:101)
	at java.desktop/java.awt.EventDispatchThread.run(EventDispatchThread.java:90)
2022-07-17 14:52:48 INFO  Report:100 - –î–∞–Ω–Ω—ã–µ –≤–≤–µ–¥–µ–Ω—ã –Ω–µ –≤–µ—Ä–Ω–æ! –§–∞–º–∏–ª–∏—è 
2022-07-17 14:53:03 ERROR Create:38 - –î–ª—è –∑–∞–≥—Ä—É–∑–∫–∏ –∞–Ω–∫–µ—Ç—ã –≤–≤–µ–¥–µ–Ω—ã –Ω–µ –≤—Å–µ –¥–∞–Ω–Ω—ã–µ!
2022-07-17 14:53:12 ERROR Change:32 - –î–ª—è –∑–∞–≥—Ä—É–∑–∫–∏ –∞–Ω–∫–µ—Ç—ã –≤–≤–µ–¥–∏—Ç–µ —Ñ–∏–º–∏–ª–∏—é!
2022-07-17 15:27:37 INFO  Ok:52 - –ü—Ä–∏–ª–æ–∂–µ–Ω–∏–µ –∑–∞–ø—É—â–µ–Ω–æ! –ü–æ–ª—å–∑–æ–≤–∞—Ç–µ–ª—å: a
2022-07-19 23:36:16 INFO  Ok:52 - œËÎÓÊÂÌËÂ Á‡ÔÛ˘ÂÌÓ! œÓÎ¸ÁÓ‚‡ÚÂÎ¸: a
